<?xml version="1.0" encoding="UTF-8"?>
<!-- Generated by org.testng.reporters.JUnitXMLReporter -->
<testsuite ignored="0" hostname="DESKTOP-O507CMC" failures="0" tests="3" name="Default test" time="78.284" errors="0" timestamp="2024-01-11T18:46:14 IST">
  <testcase classname="com.shubham.projects.AppTest.AddListTest" name="AddListtest" time="10.087"/>
  <testcase classname="com.shubham.projects.AppTest.AddListTest" name="EditListtest" time="14.167"/>
  <testcase classname="com.shubham.projects.AppTest.AddListTest" name="DeleteListtest" time="7.349"/>
</testsuite> <!-- Default test -->
