<?xml version="1.0" encoding="UTF-8"?>
<!-- Generated by org.testng.reporters.JUnitXMLReporter -->
<testsuite ignored="0" hostname="DESKTOP-O507CMC" failures="0" tests="3" name="Default test" time="78.234" errors="0" timestamp="2024-01-16T17:27:04 IST">
  <testcase classname="com.shubham.projects.AppTest.AddListTest" name="AddListtest" time="10.43"/>
  <testcase classname="com.shubham.projects.AppTest.AddListTest" name="EditListtest" time="13.561"/>
  <testcase classname="com.shubham.projects.AppTest.AddListTest" name="DeleteListtest" time="6.108"/>
</testsuite> <!-- Default test -->
