<?xml version="1.0" encoding="UTF-8"?>
<!-- Generated by org.testng.reporters.JUnitXMLReporter -->
<testsuite ignored="0" hostname="DESKTOP-O507CMC" failures="0" tests="3" name="Test" time="69.96" errors="0" timestamp="2024-01-11T20:07:54 IST">
  <testcase classname="com.shubham.projects.AppTest.AddListTest" name="AddListtest" time="9.795"/>
  <testcase classname="com.shubham.projects.AppTest.AddListTest" name="EditListtest" time="13.142"/>
  <testcase classname="com.shubham.projects.AppTest.AddListTest" name="DeleteListtest" time="5.758"/>
</testsuite> <!-- Test -->
