<?xml version="1.0" encoding="UTF-8"?>
<!-- Generated by org.testng.reporters.JUnitXMLReporter -->
<testsuite ignored="0" hostname="DESKTOP-O507CMC" failures="0" tests="3" name="Test" time="71.847" errors="0" timestamp="2024-01-16T18:19:42 IST">
  <testcase classname="com.shubham.projects.AppTest.AddListTest" name="AddListtest" time="10.548"/>
  <testcase classname="com.shubham.projects.AppTest.AddListTest" name="EditListtest" time="12.81"/>
  <testcase classname="com.shubham.projects.AppTest.AddListTest" name="DeleteListtest" time="6.473"/>
</testsuite> <!-- Test -->
