<?xml version="1.0" encoding="UTF-8"?>
<!-- Generated by org.testng.reporters.JUnitXMLReporter -->
<testsuite ignored="0" hostname="DESKTOP-O507CMC" failures="0" tests="3" name="Test" time="79.316" errors="0" timestamp="2024-01-12T16:07:36 IST">
  <testcase classname="com.shubham.projects.AppTest.AddListTest" name="AddListtest" time="13.103"/>
  <testcase classname="com.shubham.projects.AppTest.AddListTest" name="EditListtest" time="13.068"/>
  <testcase classname="com.shubham.projects.AppTest.AddListTest" name="DeleteListtest" time="5.903"/>
</testsuite> <!-- Test -->
