<?xml version="1.0" encoding="UTF-8"?>
<testng-results ignored="0" total="3" passed="3" failed="0" skipped="0">
  <reporter-output>
  </reporter-output>
  <suite started-at="2024-01-12T16:22:09 IST" name="Suite" finished-at="2024-01-12T16:23:50 IST" duration-ms="101171">
    <groups>
    </groups>
    <test started-at="2024-01-12T16:22:09 IST" name="Test-0" finished-at="2024-01-12T16:23:50 IST" duration-ms="101171">
      <class name="com.shubham.projects.AppTest.AddListTest">
        <test-method is-config="true" signature="setup()[pri:0, instance:com.shubham.projects.AppTest.AddListTest@39fa8ad2]" started-at="2024-01-12T16:22:09 IST" name="setup" finished-at="2024-01-12T16:22:53 IST" duration-ms="44327" status="PASS">
          <reporter-output>
          </reporter-output>
        </test-method> <!-- setup -->
        <test-method is-config="true" signature="preSetup()[pri:0, instance:com.shubham.projects.AppTest.AddListTest@39fa8ad2]" started-at="2024-01-12T16:22:53 IST" name="preSetup" finished-at="2024-01-12T16:22:54 IST" duration-ms="245" status="PASS">
          <reporter-output>
          </reporter-output>
        </test-method> <!-- preSetup -->
        <test-method signature="AddListtest()[pri:1, instance:com.shubham.projects.AppTest.AddListTest@39fa8ad2]" started-at="2024-01-12T16:22:54 IST" name="AddListtest" finished-at="2024-01-12T16:23:07 IST" duration-ms="12876" status="PASS">
          <reporter-output>
          </reporter-output>
        </test-method> <!-- AddListtest -->
        <test-method is-config="true" signature="preSetup()[pri:0, instance:com.shubham.projects.AppTest.AddListTest@39fa8ad2]" started-at="2024-01-12T16:23:07 IST" name="preSetup" finished-at="2024-01-12T16:23:07 IST" duration-ms="136" status="PASS">
          <reporter-output>
          </reporter-output>
        </test-method> <!-- preSetup -->
        <test-method signature="EditListtest()[pri:2, instance:com.shubham.projects.AppTest.AddListTest@39fa8ad2]" started-at="2024-01-12T16:23:07 IST" name="EditListtest" finished-at="2024-01-12T16:23:23 IST" duration-ms="16231" status="PASS">
          <reporter-output>
          </reporter-output>
        </test-method> <!-- EditListtest -->
        <test-method is-config="true" signature="preSetup()[pri:0, instance:com.shubham.projects.AppTest.AddListTest@39fa8ad2]" started-at="2024-01-12T16:23:25 IST" name="preSetup" finished-at="2024-01-12T16:23:25 IST" duration-ms="121" status="PASS">
          <reporter-output>
          </reporter-output>
        </test-method> <!-- preSetup -->
        <test-method signature="DeleteListtest()[pri:3, instance:com.shubham.projects.AppTest.AddListTest@39fa8ad2]" started-at="2024-01-12T16:23:25 IST" name="DeleteListtest" finished-at="2024-01-12T16:23:34 IST" duration-ms="9141" status="PASS">
          <reporter-output>
          </reporter-output>
        </test-method> <!-- DeleteListtest -->
        <test-method is-config="true" signature="TearDown()[pri:0, instance:com.shubham.projects.AppTest.AddListTest@39fa8ad2]" started-at="2024-01-12T16:23:34 IST" name="TearDown" finished-at="2024-01-12T16:23:50 IST" duration-ms="15822" status="PASS">
          <reporter-output>
          </reporter-output>
        </test-method> <!-- TearDown -->
      </class> <!-- com.shubham.projects.AppTest.AddListTest -->
    </test> <!-- Test-0 -->
  </suite> <!-- Suite -->
</testng-results>
