<?xml version="1.0" encoding="UTF-8"?>
<testng-results ignored="0" total="3" passed="3" failed="0" skipped="0">
  <reporter-output>
  </reporter-output>
  <suite started-at="2024-01-12T16:06:16 IST" name="Suite" finished-at="2024-01-12T16:07:35 IST" duration-ms="79316">
    <groups>
    </groups>
    <test started-at="2024-01-12T16:06:16 IST" name="Test" finished-at="2024-01-12T16:07:35 IST" duration-ms="79316">
      <class name="com.shubham.projects.AppTest.AddListTest">
        <test-method is-config="true" signature="setup()[pri:0, instance:com.shubham.projects.AppTest.AddListTest@15c25153]" started-at="2024-01-12T16:06:16 IST" name="setup" finished-at="2024-01-12T16:06:46 IST" duration-ms="30337" status="PASS">
          <reporter-output>
          </reporter-output>
        </test-method> <!-- setup -->
        <test-method is-config="true" signature="preSetup()[pri:0, instance:com.shubham.projects.AppTest.AddListTest@15c25153]" started-at="2024-01-12T16:06:46 IST" name="preSetup" finished-at="2024-01-12T16:06:46 IST" duration-ms="3" status="PASS">
          <reporter-output>
          </reporter-output>
        </test-method> <!-- preSetup -->
        <test-method signature="AddListtest()[pri:1, instance:com.shubham.projects.AppTest.AddListTest@15c25153]" started-at="2024-01-12T16:06:46 IST" name="AddListtest" finished-at="2024-01-12T16:06:59 IST" duration-ms="13103" status="PASS">
          <reporter-output>
          </reporter-output>
        </test-method> <!-- AddListtest -->
        <test-method is-config="true" signature="preSetup()[pri:0, instance:com.shubham.projects.AppTest.AddListTest@15c25153]" started-at="2024-01-12T16:06:59 IST" name="preSetup" finished-at="2024-01-12T16:06:59 IST" duration-ms="1" status="PASS">
          <reporter-output>
          </reporter-output>
        </test-method> <!-- preSetup -->
        <test-method signature="EditListtest()[pri:2, instance:com.shubham.projects.AppTest.AddListTest@15c25153]" started-at="2024-01-12T16:06:59 IST" name="EditListtest" finished-at="2024-01-12T16:07:12 IST" duration-ms="13068" status="PASS">
          <reporter-output>
          </reporter-output>
        </test-method> <!-- EditListtest -->
        <test-method is-config="true" signature="preSetup()[pri:0, instance:com.shubham.projects.AppTest.AddListTest@15c25153]" started-at="2024-01-12T16:07:12 IST" name="preSetup" finished-at="2024-01-12T16:07:12 IST" duration-ms="1" status="PASS">
          <reporter-output>
          </reporter-output>
        </test-method> <!-- preSetup -->
        <test-method signature="DeleteListtest()[pri:3, instance:com.shubham.projects.AppTest.AddListTest@15c25153]" started-at="2024-01-12T16:07:12 IST" name="DeleteListtest" finished-at="2024-01-12T16:07:18 IST" duration-ms="5903" status="PASS">
          <reporter-output>
          </reporter-output>
        </test-method> <!-- DeleteListtest -->
        <test-method is-config="true" signature="TearDown()[pri:0, instance:com.shubham.projects.AppTest.AddListTest@15c25153]" started-at="2024-01-12T16:07:18 IST" name="TearDown" finished-at="2024-01-12T16:07:35 IST" duration-ms="16802" status="PASS">
          <reporter-output>
          </reporter-output>
        </test-method> <!-- TearDown -->
      </class> <!-- com.shubham.projects.AppTest.AddListTest -->
    </test> <!-- Test -->
  </suite> <!-- Suite -->
</testng-results>
