<?xml version="1.0" encoding="UTF-8"?>
<testng-results ignored="0" total="3" passed="3" failed="0" skipped="0">
  <reporter-output>
  </reporter-output>
  <suite started-at="2024-01-16T18:39:05 IST" name="Suite" finished-at="2024-01-16T18:40:17 IST" duration-ms="72232">
    <groups>
    </groups>
    <test started-at="2024-01-16T18:39:05 IST" name="Test" finished-at="2024-01-16T18:40:17 IST" duration-ms="72232">
      <class name="com.shubham.projects.AppTest.AddListTest">
        <test-method is-config="true" signature="setup()[pri:0, instance:com.shubham.projects.AppTest.AddListTest@41fe9859]" started-at="2024-01-16T18:39:05 IST" name="setup" finished-at="2024-01-16T18:39:26 IST" duration-ms="21669" status="PASS">
          <reporter-output>
          </reporter-output>
        </test-method> <!-- setup -->
        <test-method is-config="true" signature="preSetup()[pri:0, instance:com.shubham.projects.AppTest.AddListTest@41fe9859]" started-at="2024-01-16T18:39:26 IST" name="preSetup" finished-at="2024-01-16T18:39:26 IST" duration-ms="0" status="PASS">
          <reporter-output>
          </reporter-output>
        </test-method> <!-- preSetup -->
        <test-method signature="AddListtest()[pri:1, instance:com.shubham.projects.AppTest.AddListTest@41fe9859]" started-at="2024-01-16T18:39:26 IST" name="AddListtest" finished-at="2024-01-16T18:39:37 IST" duration-ms="10373" status="PASS">
          <reporter-output>
          </reporter-output>
        </test-method> <!-- AddListtest -->
        <test-method signature="EditListtest()[pri:2, instance:com.shubham.projects.AppTest.AddListTest@41fe9859]" started-at="2024-01-16T18:39:37 IST" name="EditListtest" finished-at="2024-01-16T18:39:49 IST" duration-ms="12549" status="PASS">
          <reporter-output>
          </reporter-output>
        </test-method> <!-- EditListtest -->
        <test-method is-config="true" signature="preSetup()[pri:0, instance:com.shubham.projects.AppTest.AddListTest@41fe9859]" started-at="2024-01-16T18:39:37 IST" name="preSetup" finished-at="2024-01-16T18:39:37 IST" duration-ms="0" status="PASS">
          <reporter-output>
          </reporter-output>
        </test-method> <!-- preSetup -->
        <test-method is-config="true" signature="preSetup()[pri:0, instance:com.shubham.projects.AppTest.AddListTest@41fe9859]" started-at="2024-01-16T18:39:49 IST" name="preSetup" finished-at="2024-01-16T18:39:49 IST" duration-ms="1" status="PASS">
          <reporter-output>
          </reporter-output>
        </test-method> <!-- preSetup -->
        <test-method signature="DeleteListtest()[pri:3, instance:com.shubham.projects.AppTest.AddListTest@41fe9859]" started-at="2024-01-16T18:39:49 IST" name="DeleteListtest" finished-at="2024-01-16T18:39:55 IST" duration-ms="5938" status="PASS">
          <reporter-output>
          </reporter-output>
        </test-method> <!-- DeleteListtest -->
        <test-method is-config="true" signature="TearDown()[pri:0, instance:com.shubham.projects.AppTest.AddListTest@41fe9859]" started-at="2024-01-16T18:39:55 IST" name="TearDown" finished-at="2024-01-16T18:40:17 IST" duration-ms="21648" status="PASS">
          <reporter-output>
          </reporter-output>
        </test-method> <!-- TearDown -->
      </class> <!-- com.shubham.projects.AppTest.AddListTest -->
    </test> <!-- Test -->
  </suite> <!-- Suite -->
</testng-results>
